
> next-workflow-builder@0.1.0 build /Users/david/WebstormProjects/workflow-builder/packages/next-workflow-builder
> NODE_ENV=production tsup

[NEXT-WORKFLOW-BUILDER] CLI Building entry: src/types.ts, src/client/index.ts, src/lib/constants.ts, src/lib/utils.ts, src/server/constants.ts, src/server/generate-route.ts, src/server/index.ts, src/server/plugin.ts, src/server/utils.ts, src/plugins/index.ts, src/plugins/legacy-mappings.ts, src/plugins/registry.ts, src/client/components/index.ts, src/client/hooks/index.ts, src/client/hooks/use-mobile.ts, src/client/hooks/use-touch.ts, src/server/db/migrate.ts, src/server/db/schema.ts, src/server/api/ai-gateway.ts, src/server/api/ai-generate.ts, src/server/api/execute.ts, src/server/api/workflows.ts, src/client/components/workflow/node-config-panel.tsx, src/client/components/workflow/persistent-canvas.tsx, src/client/components/workflow/workflow-canvas.tsx, src/client/components/workflow/workflow-context-menu.tsx, src/client/components/workflow/workflow-runs.tsx, src/client/components/workflow/workflow-toolbar.tsx
[NEXT-WORKFLOW-BUILDER] CLI Using tsconfig: tsconfig.json
[NEXT-WORKFLOW-BUILDER] CLI tsup v8.5.1
[NEXT-WORKFLOW-BUILDER] CLI Using tsup config: /Users/david/WebstormProjects/workflow-builder/packages/next-workflow-builder/tsup.config.ts
[NEXT-WORKFLOW-BUILDER] CLI Target: es2022
[NEXT-WORKFLOW-BUILDER] CLI Cleaning output folder
[NEXT-WORKFLOW-BUILDER] ESM Build start
[NEXT-WORKFLOW-BUILDER] ESM dist/server/db/migrate.js                                0 B
[NEXT-WORKFLOW-BUILDER] ESM dist/server/db/schema.js                                 0 B
[NEXT-WORKFLOW-BUILDER] ESM dist/types.js                                            0 B
[NEXT-WORKFLOW-BUILDER] ESM dist/client/components/workflow/workflow-context-menu.js 319.00 B
[NEXT-WORKFLOW-BUILDER] ESM dist/client/components/workflow/workflow-canvas.js       319.00 B
[NEXT-WORKFLOW-BUILDER] ESM dist/client/components/workflow/workflow-toolbar.js      301.00 B
[NEXT-WORKFLOW-BUILDER] ESM dist/client/components/workflow/node-config-panel.js     303.00 B
[NEXT-WORKFLOW-BUILDER] ESM dist/server/api/execute.js                               271.00 B
[NEXT-WORKFLOW-BUILDER] ESM dist/server/api/workflows.js                             550.00 B
[NEXT-WORKFLOW-BUILDER] ESM dist/server/api/ai-gateway.js                            272.00 B
[NEXT-WORKFLOW-BUILDER] ESM dist/client/components/workflow/persistent-canvas.js     327.00 B
[NEXT-WORKFLOW-BUILDER] ESM dist/server/utils.js                                     240.00 B
[NEXT-WORKFLOW-BUILDER] ESM dist/client/components/workflow/workflow-runs.js         289.00 B
[NEXT-WORKFLOW-BUILDER] ESM dist/plugins/registry.js                                 321.00 B
[NEXT-WORKFLOW-BUILDER] ESM dist/plugins/legacy-mappings.js                          114.00 B
[NEXT-WORKFLOW-BUILDER] ESM dist/client/hooks/use-mobile.js                          508.00 B
[NEXT-WORKFLOW-BUILDER] ESM dist/plugins/index.js                                    224.00 B
[NEXT-WORKFLOW-BUILDER] ESM dist/server/api/ai-generate.js                           275.00 B
[NEXT-WORKFLOW-BUILDER] ESM dist/client/hooks/index.js                               138.00 B
[NEXT-WORKFLOW-BUILDER] ESM dist/lib/constants.js                                    158.00 B
[NEXT-WORKFLOW-BUILDER] ESM dist/client/index.js                                     683.00 B
[NEXT-WORKFLOW-BUILDER] ESM dist/client/components/index.js                          540.00 B
[NEXT-WORKFLOW-BUILDER] ESM dist/lib/utils.js                                        147.00 B
[NEXT-WORKFLOW-BUILDER] ESM dist/server/constants.js                                 186.00 B
[NEXT-WORKFLOW-BUILDER] ESM dist/server/generate-route.js                            2.12 KB
[NEXT-WORKFLOW-BUILDER] ESM dist/server/index.js                                     369.00 B
[NEXT-WORKFLOW-BUILDER] ESM dist/client/hooks/use-touch.js                           277.00 B
[NEXT-WORKFLOW-BUILDER] ESM dist/server/plugin.js                                    1.14 KB
[NEXT-WORKFLOW-BUILDER] ESM ⚡️ Build success in 8ms
[NEXT-WORKFLOW-BUILDER] DTS Build start
[NEXT-WORKFLOW-BUILDER] DTS ⚡️ Build success in 2415ms
[NEXT-WORKFLOW-BUILDER] DTS dist/client/index.d.ts                                     610.00 B
[NEXT-WORKFLOW-BUILDER] DTS dist/server/index.d.ts                                     285.00 B
[NEXT-WORKFLOW-BUILDER] DTS dist/plugins/index.d.ts                                    195.00 B
[NEXT-WORKFLOW-BUILDER] DTS dist/client/components/index.d.ts                          577.00 B
[NEXT-WORKFLOW-BUILDER] DTS dist/client/hooks/index.d.ts                               88.00 B
[NEXT-WORKFLOW-BUILDER] DTS dist/server/db/migrate.d.ts                                13.00 B
[NEXT-WORKFLOW-BUILDER] DTS dist/types.d.ts                                            722.00 B
[NEXT-WORKFLOW-BUILDER] DTS dist/lib/constants.d.ts                                    240.00 B
[NEXT-WORKFLOW-BUILDER] DTS dist/lib/utils.d.ts                                        106.00 B
[NEXT-WORKFLOW-BUILDER] DTS dist/server/constants.d.ts                                 205.00 B
[NEXT-WORKFLOW-BUILDER] DTS dist/server/generate-route.d.ts                            1.13 KB
[NEXT-WORKFLOW-BUILDER] DTS dist/server/plugin.d.ts                                    827.00 B
[NEXT-WORKFLOW-BUILDER] DTS dist/server/utils.d.ts                                     144.00 B
[NEXT-WORKFLOW-BUILDER] DTS dist/plugins/legacy-mappings.d.ts                          94.00 B
[NEXT-WORKFLOW-BUILDER] DTS dist/plugins/registry.d.ts                                 969.00 B
[NEXT-WORKFLOW-BUILDER] DTS dist/client/hooks/use-mobile.d.ts                          62.00 B
[NEXT-WORKFLOW-BUILDER] DTS dist/client/hooks/use-touch.d.ts                           60.00 B
[NEXT-WORKFLOW-BUILDER] DTS dist/server/api/ai-gateway.d.ts                            164.00 B
[NEXT-WORKFLOW-BUILDER] DTS dist/server/api/ai-generate.d.ts                           166.00 B
[NEXT-WORKFLOW-BUILDER] DTS dist/server/api/execute.d.ts                               164.00 B
[NEXT-WORKFLOW-BUILDER] DTS dist/server/api/workflows.d.ts                             354.00 B
[NEXT-WORKFLOW-BUILDER] DTS dist/client/components/workflow/node-config-panel.d.ts     274.00 B
[NEXT-WORKFLOW-BUILDER] DTS dist/client/components/workflow/persistent-canvas.d.ts     348.00 B
[NEXT-WORKFLOW-BUILDER] DTS dist/client/components/workflow/workflow-canvas.d.ts       338.00 B
[NEXT-WORKFLOW-BUILDER] DTS dist/client/components/workflow/workflow-context-menu.d.ts 294.00 B
[NEXT-WORKFLOW-BUILDER] DTS dist/client/components/workflow/workflow-runs.d.ts         259.00 B
[NEXT-WORKFLOW-BUILDER] DTS dist/client/components/workflow/workflow-toolbar.d.ts      274.00 B
[NEXT-WORKFLOW-BUILDER] DTS dist/server/db/schema.d.ts                                 13.00 B
